<?xml version="1.0" encoding="UTF-8"?>
<!-- Generated by org.testng.reporters.JUnitXMLReporter -->
<testsuite hostname="LAPTOP-N9NVIK3B" ignored="2" name="Test1" tests="1" failures="1" timestamp="16 Dec 2022 11:21:35 GMT" time="18.608" errors="0">
  <testcase name="TestGoogle" time="12.357" classname="screenshotTestNG.TestClass">
    <failure type="java.lang.AssertionError" message="Title is Mismatched expected [Vikra - Google Search] but found [Vikram - Google Search]">
      <![CDATA[java.lang.AssertionError: Title is Mismatched expected [Vikra - Google Search] but found [Vikram - Google Search]
at screenshotTestNG.TestClass.TestGoogle(TestClass.java:21)
... Removed 30 stack frames]]>
    </failure>
  </testcase> <!-- TestGoogle -->
  <testcase name="TestFaceBook" time="0.0" classname="screenshotTestNG.TestClass">
    <ignored/>
  </testcase> <!-- TestFaceBook -->
  <testcase name="TestOrangeHrm" time="0.0" classname="screenshotTestNG.TestClass">
    <ignored/>
  </testcase> <!-- TestOrangeHrm -->
</testsuite> <!-- Test1 -->
