<?xml version="1.0" encoding="UTF-8"?>
<!-- Generated by org.testng.reporters.JUnitXMLReporter -->
<testsuite hostname="LAPTOP-N9NVIK3B" ignored="0" name="Test" tests="4" failures="0" timestamp="16 Dec 2022 11:21:10 GMT" time="0.061" errors="0">
  <testcase name="method1" time="0.0" classname="testNG.Testclass1"/>
  <testcase name="method2" time="0.0" classname="testNG.Testclass1"/>
  <testcase name="method3" time="0.0" classname="testNG.Testclass1"/>
  <testcase name="method4" time="0.0" classname="testNG.Testclass1"/>
</testsuite> <!-- Test -->
