<?xml version="1.0" encoding="UTF-8"?>
<!-- Generated by org.testng.reporters.JUnitXMLReporter -->
<testsuite hostname="LAPTOP-N9NVIK3B" ignored="2" name="Test2" tests="1" failures="1" timestamp="16 Dec 2022 11:21:48 GMT" time="13.123" errors="0">
  <testcase name="TestFaceBook" time="10.276" classname="screenshotTestNG.TestClass">
    <failure type="java.lang.AssertionError" message="The following asserts failed:
	Username Text is mismatched expected [] but found [Vikram]">
      <![CDATA[java.lang.AssertionError: The following asserts failed:
Username Text is mismatched expected [] but found [Vikram]
at screenshotTestNG.TestClass.TestFaceBook(TestClass.java:46)
... Removed 26 stack frames]]>
    </failure>
  </testcase> <!-- TestFaceBook -->
  <testcase name="TestGoogle" time="0.0" classname="screenshotTestNG.TestClass">
    <ignored/>
  </testcase> <!-- TestGoogle -->
  <testcase name="TestOrangeHrm" time="0.0" classname="screenshotTestNG.TestClass">
    <ignored/>
  </testcase> <!-- TestOrangeHrm -->
</testsuite> <!-- Test2 -->
