<?xml version="1.0" encoding="UTF-8"?>
<!-- Generated by org.testng.reporters.JUnitXMLReporter -->
<testsuite hostname="LAPTOP-N9NVIK3B" ignored="2" name="Test3" tests="1" failures="0" timestamp="16 Dec 2022 11:22:02 GMT" time="14.663" errors="0">
  <testcase name="TestOrangeHrm" time="11.471" classname="screenshotTestNG.TestClass"/>
  <testcase name="TestGoogle" time="0.0" classname="screenshotTestNG.TestClass">
    <ignored/>
  </testcase> <!-- TestGoogle -->
  <testcase name="TestFaceBook" time="0.0" classname="screenshotTestNG.TestClass">
    <ignored/>
  </testcase> <!-- TestFaceBook -->
</testsuite> <!-- Test3 -->
