<?xml version="1.0" encoding="UTF-8"?>
<!-- Generated by org.testng.reporters.JUnitXMLReporter -->
<testsuite hostname="LAPTOP-N9NVIK3B" ignored="0" name="Parallel" tests="11" failures="0" timestamp="14 Dec 2022 15:13:47 GMT" time="0.101" errors="0">
  <testcase name="method5" time="0.014" classname="testNG.Testclass2"/>
  <testcase name="method6" time="0.002" classname="testNG.Testclass2"/>
  <testcase name="method7" time="0.001" classname="testNG.Testclass2"/>
  <testcase name="method8" time="0.003" classname="testNG.Testclass2"/>
  <testcase name="method1" time="0.004" classname="testNG.Testclass1"/>
  <testcase name="method2" time="0.003" classname="testNG.Testclass1"/>
  <testcase name="method3" time="0.002" classname="testNG.Testclass1"/>
  <testcase name="method4" time="0.002" classname="testNG.Testclass1"/>
  <testcase name="method10" time="0.001" classname="testNG.Testclass3"/>
  <testcase name="method11" time="0.001" classname="testNG.Testclass3"/>
  <testcase name="method9" time="0.001" classname="testNG.Testclass3"/>
</testsuite> <!-- Parallel -->
